<?xml version="1.0" encoding="UTF-8"?>
<testng-results skipped="0" failed="0" total="2" passed="2">
  <reporter-output>
  </reporter-output>
  <suite name="Default suite" duration-ms="52" started-at="2014-01-09T09:43:28Z" finished-at="2014-01-09T09:43:28Z">
    <groups>
    </groups>
    <test name="Default test" duration-ms="52" started-at="2014-01-09T09:43:28Z" finished-at="2014-01-09T09:43:28Z">
      <class name="com.baidu.gameqa.unittest.FileDirUnitTest">
        <test-method status="PASS" signature="creatTesgngFile()[pri:0, instance:com.baidu.gameqa.unittest.FileDirUnitTest@329f3d]" name="creatTesgngFile" duration-ms="40" started-at="2014-01-09T17:43:28Z" finished-at="2014-01-09T17:43:28Z">
          <reporter-output>
          </reporter-output>
        </test-method> <!-- creatTesgngFile -->
        <test-method status="PASS" signature="f()[pri:0, instance:com.baidu.gameqa.unittest.FileDirUnitTest@329f3d]" name="f" duration-ms="1" started-at="2014-01-09T17:43:28Z" finished-at="2014-01-09T17:43:28Z">
          <reporter-output>
          </reporter-output>
        </test-method> <!-- f -->
      </class> <!-- com.baidu.gameqa.unittest.FileDirUnitTest -->
    </test> <!-- Default test -->
  </suite> <!-- Default suite -->
</testng-results>
