<?xml version="1.0" encoding="UTF-8"?>
<testng-results skipped="0" failed="0" total="1" passed="1">
  <reporter-output>
  </reporter-output>
  <suite name="Default suite" duration-ms="682" started-at="2015-01-29T08:06:42Z" finished-at="2015-01-29T08:06:42Z">
    <groups>
    </groups>
    <test name="Default test" duration-ms="682" started-at="2015-01-29T08:06:42Z" finished-at="2015-01-29T08:06:42Z">
      <class name="com.gateside.autotesting.Gat.unittest.StepParameterDataObjectTest">
        <test-method status="PASS" signature="InterfaceStepParameterObjectTest()[pri:0, instance:com.gateside.autotesting.Gat.unittest.StepParameterDataObjectTest@d7cf62]" name="InterfaceStepParameterObjectTest" duration-ms="672" started-at="2015-01-29T16:06:42Z" finished-at="2015-01-29T16:06:42Z">
          <reporter-output>
          </reporter-output>
        </test-method> <!-- InterfaceStepParameterObjectTest -->
      </class> <!-- com.gateside.autotesting.Gat.unittest.StepParameterDataObjectTest -->
    </test> <!-- Default test -->
  </suite> <!-- Default suite -->
</testng-results>
